---------------
Jul 14 2008 10:21 -- inspect
CURL problems detected:  7 => 

---------------
Jul 14 2008 10:21 -- inspect
CURL requires SSL support. Please notify webmaster or hosting company. 7 => 

---------------
Jul 14 2008 10:21 -- inspect
CURL problems detected:  7 => 

---------------
Jul 14 2008 10:21 -- inspect
CURL requires SSL support. Please notify webmaster or hosting company. 7 => 

---------------
Jul 14 2008 10:21 -- inspect
CURL problems detected:  28 => connect() timed out!

---------------
Jul 14 2008 10:21 -- inspect
CURL requires SSL support. Please notify webmaster or hosting company. 7 => 

---------------
Jul 14 2008 10:21 -- inspect
CURL problems detected:  7 => 

---------------
Jul 14 2008 10:21 -- inspect
CURL requires SSL support. Please notify webmaster or hosting company. 7 => 

